# JRE version: OpenJDK Runtime Environment (8.0_171-b11) (build 1.8.0_171-8u171-b11-0ubuntu0.17.10.1-b11)
# Java VM: OpenJDK 64-Bit Server VM (25.171-b11 mixed mode linux-amd64 compressed oops)
Heap:
 garbage-first heap   total 266240K, used 218752K [0x00000000c0000000, 0x00000000c0100820, 0x0000000100000000)
  region size 1024K, 57 young (58368K), 5 survivors (5120K)
 Metaspace       used 174158K, capacity 193082K, committed 193200K, reserved 1216512K
  class space    used 20813K, capacity 25964K, committed 26032K, reserved 1048576K
GC Heap History (10 events):
Event: 141,570 GC heap before
{Heap before GC invocations=80 (full 0):
 garbage-first heap   total 266240K, used 230864K [0x00000000c0000000, 0x00000000c0100820, 0x0000000100000000)
  region size 1024K, 53 young (54272K), 5 survivors (5120K)
 Metaspace       used 171290K, capacity 189890K, committed 190128K, reserved 1214464K
  class space    used 20430K, capacity 25417K, committed 25520K, reserved 1048576K
Event: 141,590 GC heap after
Heap after GC invocations=81 (full 0):
 garbage-first heap   total 266240K, used 184808K [0x00000000c0000000, 0x00000000c0100820, 0x0000000100000000)
  region size 1024K, 7 young (7168K), 7 survivors (7168K)
 Metaspace       used 171290K, capacity 189890K, committed 190128K, reserved 1214464K
  class space    used 20430K, capacity 25417K, committed 25520K, reserved 1048576K
}
Event: 141,696 GC heap before
{Heap before GC invocations=81 (full 0):
 garbage-first heap   total 266240K, used 190952K [0x00000000c0000000, 0x00000000c0100820, 0x0000000100000000)
  region size 1024K, 13 young (13312K), 7 survivors (7168K)
 Metaspace       used 171323K, capacity 189954K, committed 190128K, reserved 1214464K
  class space    used 20430K, capacity 25417K, committed 25520K, reserved 1048576K
Event: 141,736 GC heap after
Heap after GC invocations=82 (full 0):
 garbage-first heap   total 266240K, used 167680K [0x00000000c0000000, 0x00000000c0100820, 0x0000000100000000)
  region size 1024K, 2 young (2048K), 2 survivors (2048K)
 Metaspace       used 171323K, capacity 189954K, committed 190128K, reserved 1214464K
  class space    used 20430K, capacity 25417K, committed 25520K, reserved 1048576K
}
Event: 142,035 GC heap before
{Heap before GC invocations=82 (full 0):
 garbage-first heap   total 266240K, used 178944K [0x00000000c0000000, 0x00000000c0100820, 0x0000000100000000)
  region size 1024K, 13 young (13312K), 2 survivors (2048K)
 Metaspace       used 171376K, capacity 189968K, committed 190128K, reserved 1214464K
  class space    used 20431K, capacity 25418K, committed 25520K, reserved 1048576K
Event: 142,087 GC heap after
Heap after GC invocations=83 (full 0):
 garbage-first heap   total 266240K, used 163925K [0x00000000c0000000, 0x00000000c0100820, 0x0000000100000000)
  region size 1024K, 2 young (2048K), 2 survivors (2048K)
 Metaspace       used 171376K, capacity 189968K, committed 190128K, reserved 1214464K
  class space    used 20431K, capacity 25418K, committed 25520K, reserved 1048576K
}
Event: 142,334 GC heap before
{Heap before GC invocations=83 (full 0):
 garbage-first heap   total 266240K, used 231509K [0x00000000c0000000, 0x00000000c0100820, 0x0000000100000000)
  region size 1024K, 68 young (69632K), 2 survivors (2048K)
 Metaspace       used 171400K, capacity 189968K, committed 190128K, reserved 1214464K
  class space    used 20431K, capacity 25418K, committed 25520K, reserved 1048576K
Event: 142,377 GC heap after
Heap after GC invocations=84 (full 0):
 garbage-first heap   total 266240K, used 165378K [0x00000000c0000000, 0x00000000c0100820, 0x0000000100000000)
  region size 1024K, 4 young (4096K), 4 survivors (4096K)
 Metaspace       used 171400K, capacity 189968K, committed 190128K, reserved 1214464K
  class space    used 20431K, capacity 25418K, committed 25520K, reserved 1048576K
}
Event: 143,628 GC heap before
{Heap before GC invocations=84 (full 0):
 garbage-first heap   total 266240K, used 231938K [0x00000000c0000000, 0x00000000c0100820, 0x0000000100000000)
  region size 1024K, 69 young (70656K), 4 survivors (4096K)
 Metaspace       used 171512K, capacity 190224K, committed 190384K, reserved 1214464K
  class space    used 20431K, capacity 25418K, committed 25520K, reserved 1048576K
Event: 143,653 GC heap after
Heap after GC invocations=85 (full 0):
 garbage-first heap   total 266240K, used 167040K [0x00000000c0000000, 0x00000000c0100820, 0x0000000100000000)
  region size 1024K, 5 young (5120K), 5 survivors (5120K)
 Metaspace       used 171512K, capacity 190224K, committed 190384K, reserved 1214464K
  class space    used 20431K, capacity 25418K, committed 25520K, reserved 1048576K
}

